c:\users\bujaz\desktop\programowanie\c++\klasy\macierze\macierze\x64\debug\vc140.pdb
c:\users\bujaz\desktop\programowanie\c++\klasy\macierze\macierze\x64\debug\vc140.idb
c:\users\bujaz\desktop\programowanie\c++\klasy\macierze\macierze\x64\debug\main.obj
c:\users\bujaz\desktop\programowanie\c++\klasy\macierze\macierze\x64\debug\matrix.obj
c:\users\bujaz\desktop\programowanie\c++\klasy\macierze\macierze\x64\debug\main.obj.enc
c:\users\bujaz\desktop\programowanie\c++\klasy\macierze\x64\debug\macierze.pdb
c:\users\bujaz\desktop\programowanie\c++\klasy\macierze\macierze\x64\debug\macierze.tlog\cl.command.1.tlog
c:\users\bujaz\desktop\programowanie\c++\klasy\macierze\macierze\x64\debug\macierze.tlog\cl.read.1.tlog
c:\users\bujaz\desktop\programowanie\c++\klasy\macierze\macierze\x64\debug\macierze.tlog\cl.write.1.tlog
c:\users\bujaz\desktop\programowanie\c++\klasy\macierze\macierze\x64\debug\macierze.tlog\link-cvtres.read.1.tlog
c:\users\bujaz\desktop\programowanie\c++\klasy\macierze\macierze\x64\debug\macierze.tlog\link-cvtres.write.1.tlog
c:\users\bujaz\desktop\programowanie\c++\klasy\macierze\macierze\x64\debug\macierze.tlog\link-rc.read.1.tlog
c:\users\bujaz\desktop\programowanie\c++\klasy\macierze\macierze\x64\debug\macierze.tlog\link-rc.write.1.tlog
c:\users\bujaz\desktop\programowanie\c++\klasy\macierze\macierze\x64\debug\macierze.tlog\link.9304-cvtres.read.1.tlog
c:\users\bujaz\desktop\programowanie\c++\klasy\macierze\macierze\x64\debug\macierze.tlog\link.9304-cvtres.write.1.tlog
c:\users\bujaz\desktop\programowanie\c++\klasy\macierze\macierze\x64\debug\macierze.tlog\link.9304-rc.read.1.tlog
c:\users\bujaz\desktop\programowanie\c++\klasy\macierze\macierze\x64\debug\macierze.tlog\link.9304-rc.write.1.tlog
c:\users\bujaz\desktop\programowanie\c++\klasy\macierze\macierze\x64\debug\macierze.tlog\link.9304.read.1.tlog
c:\users\bujaz\desktop\programowanie\c++\klasy\macierze\macierze\x64\debug\macierze.tlog\link.9304.write.1.tlog
c:\users\bujaz\desktop\programowanie\c++\klasy\macierze\macierze\x64\debug\macierze.tlog\link.command.1.tlog
c:\users\bujaz\desktop\programowanie\c++\klasy\macierze\macierze\x64\debug\macierze.tlog\link.read.1.tlog
c:\users\bujaz\desktop\programowanie\c++\klasy\macierze\macierze\x64\debug\macierze.tlog\link.write.1.tlog
